# JRE version: Java(TM) SE Runtime Environment (8.0_25-b17) (build 1.8.0_25-b17)
# Java VM: Java HotSpot(TM) 64-Bit Server VM (25.25-b02 mixed mode bsd-amd64 compressed oops)
Heap:
 PSYoungGen      total 47104K, used 803K [0x0000000795580000, 0x00000007b2680000, 0x00000007c0000000)
  eden space 46592K, 1% used [0x0000000795580000,0x00000007955f8e20,0x0000000798300000)
  from space 512K, 62% used [0x00000007b2500000,0x00000007b2550000,0x00000007b2580000)
  to   space 1024K, 0% used [0x00000007b2580000,0x00000007b2580000,0x00000007b2680000)
 ParOldGen       total 123904K, used 53313K [0x0000000740000000, 0x0000000747900000, 0x0000000795580000)
  object space 123904K, 43% used [0x0000000740000000,0x00000007434107a8,0x0000000747900000)
 Metaspace       used 15820K, capacity 15974K, committed 16256K, reserved 1062912K
  class space    used 1773K, capacity 1835K, committed 1920K, reserved 1048576K
GC Heap History (10 events):
Event: 2156.607 GC heap before
{Heap before GC invocations=2089 (full 68):
 PSYoungGen      total 49664K, used 49664K [0x0000000795580000, 0x00000007b2780000, 0x00000007c0000000)
  eden space 49152K, 100% used [0x0000000795580000,0x0000000798580000,0x0000000798580000)
  from space 512K, 100% used [0x00000007b2700000,0x00000007b2780000,0x00000007b2780000)
  to   space 1024K, 0% used [0x00000007b2580000,0x00000007b2580000,0x00000007b2680000)
 ParOldGen       total 123904K, used 53195K [0x0000000740000000, 0x0000000747900000, 0x0000000795580000)
  object space 123904K, 42% used [0x0000000740000000,0x00000007433f2ec8,0x0000000747900000)
 Metaspace       used 15820K, capacity 15974K, committed 16256K, reserved 1062912K
  class space    used 1773K, capacity 1835K, committed 1920K, reserved 1048576K
Event: 2156.611 GC heap after
Heap after GC invocations=2089 (full 68):
 PSYoungGen      total 49664K, used 448K [0x0000000795580000, 0x00000007b2780000, 0x00000007c0000000)
  eden space 48640K, 0% used [0x0000000795580000,0x0000000795580000,0x0000000798500000)
  from space 1024K, 43% used [0x00000007b2580000,0x00000007b25f0000,0x00000007b2680000)
  to   space 1024K, 0% used [0x00000007b2680000,0x00000007b2680000,0x00000007b2780000)
 ParOldGen       total 123904K, used 53211K [0x0000000740000000, 0x0000000747900000, 0x0000000795580000)
  object space 123904K, 42% used [0x0000000740000000,0x00000007433f6ec8,0x0000000747900000)
 Metaspace       used 15820K, capacity 15974K, committed 16256K, reserved 1062912K
  class space    used 1773K, capacity 1835K, committed 1920K, reserved 1048576K
}
Event: 2157.321 GC heap before
{Heap before GC invocations=2090 (full 68):
 PSYoungGen      total 49664K, used 49088K [0x0000000795580000, 0x00000007b2780000, 0x00000007c0000000)
  eden space 48640K, 100% used [0x0000000795580000,0x0000000798500000,0x0000000798500000)
  from space 1024K, 43% used [0x00000007b2580000,0x00000007b25f0000,0x00000007b2680000)
  to   space 1024K, 0% used [0x00000007b2680000,0x00000007b2680000,0x00000007b2780000)
 ParOldGen       total 123904K, used 53211K [0x0000000740000000, 0x0000000747900000, 0x0000000795580000)
  object space 123904K, 42% used [0x0000000740000000,0x00000007433f6ec8,0x0000000747900000)
 Metaspace       used 15820K, capacity 15974K, committed 16256K, reserved 1062912K
  class space    used 1773K, capacity 1835K, committed 1920K, reserved 1048576K
Event: 2157.324 GC heap after
Heap after GC invocations=2090 (full 68):
 PSYoungGen      total 49152K, used 832K [0x0000000795580000, 0x00000007b2780000, 0x00000007c0000000)
  eden space 48128K, 0% used [0x0000000795580000,0x0000000795580000,0x0000000798480000)
  from space 1024K, 81% used [0x00000007b2680000,0x00000007b2750000,0x00000007b2780000)
  to   space 1024K, 0% used [0x00000007b2580000,0x00000007b2580000,0x00000007b2680000)
 ParOldGen       total 123904K, used 53219K [0x0000000740000000, 0x0000000747900000, 0x0000000795580000)
  object space 123904K, 42% used [0x0000000740000000,0x00000007433f8ec8,0x0000000747900000)
 Metaspace       used 15820K, capacity 15974K, committed 16256K, reserved 1062912K
  class space    used 1773K, capacity 1835K, committed 1920K, reserved 1048576K
}
Event: 2158.064 GC heap before
{Heap before GC invocations=2091 (full 68):
 PSYoungGen      total 49152K, used 48960K [0x0000000795580000, 0x00000007b2780000, 0x00000007c0000000)
  eden space 48128K, 100% used [0x0000000795580000,0x0000000798480000,0x0000000798480000)
  from space 1024K, 81% used [0x00000007b2680000,0x00000007b2750000,0x00000007b2780000)
  to   space 1024K, 0% used [0x00000007b2580000,0x00000007b2580000,0x00000007b2680000)
 ParOldGen       total 123904K, used 53239K [0x0000000740000000, 0x0000000747900000, 0x0000000795580000)
  object space 123904K, 42% used [0x0000000740000000,0x00000007433fdea0,0x0000000747900000)
 Metaspace       used 15820K, capacity 15974K, committed 16256K, reserved 1062912K
  class space    used 1773K, capacity 1835K, committed 1920K, reserved 1048576K
Event: 2158.068 GC heap after
Heap after GC invocations=2091 (full 68):
 PSYoungGen      total 48128K, used 480K [0x0000000795580000, 0x00000007b2700000, 0x00000007c0000000)
  eden space 47616K, 0% used [0x0000000795580000,0x0000000795580000,0x0000000798400000)
  from space 512K, 93% used [0x00000007b2580000,0x00000007b25f8000,0x00000007b2600000)
  to   space 1024K, 0% used [0x00000007b2600000,0x00000007b2600000,0x00000007b2700000)
 ParOldGen       total 123904K, used 53271K [0x0000000740000000, 0x0000000747900000, 0x0000000795580000)
  object space 123904K, 42% used [0x0000000740000000,0x0000000743405ea0,0x0000000747900000)
 Metaspace       used 15820K, capacity 15974K, committed 16256K, reserved 1062912K
  class space    used 1773K, capacity 1835K, committed 1920K, reserved 1048576K
}
Event: 2158.741 GC heap before
{Heap before GC invocations=2092 (full 68):
 PSYoungGen      total 48128K, used 48096K [0x0000000795580000, 0x00000007b2700000, 0x00000007c0000000)
  eden space 47616K, 100% used [0x0000000795580000,0x0000000798400000,0x0000000798400000)
  from space 512K, 93% used [0x00000007b2580000,0x00000007b25f8000,0x00000007b2600000)
  to   space 1024K, 0% used [0x00000007b2600000,0x00000007b2600000,0x00000007b2700000)
 ParOldGen       total 123904K, used 53273K [0x0000000740000000, 0x0000000747900000, 0x0000000795580000)
  object space 123904K, 42% used [0x0000000740000000,0x00000007434067a8,0x0000000747900000)
 Metaspace       used 15820K, capacity 15974K, committed 16256K, reserved 1062912K
  class space    used 1773K, capacity 1835K, committed 1920K, reserved 1048576K
Event: 2158.746 GC heap after
Heap after GC invocations=2092 (full 68):
 PSYoungGen      total 48128K, used 800K [0x0000000795580000, 0x00000007b2700000, 0x00000007c0000000)
  eden space 47104K, 0% used [0x0000000795580000,0x0000000795580000,0x0000000798380000)
  from space 1024K, 78% used [0x00000007b2600000,0x00000007b26c8000,0x00000007b2700000)
  to   space 1024K, 0% used [0x00000007b2500000,0x00000007b2500000,0x00000007b2600000)
 ParOldGen       total 123904K, used 53289K [0x0000000740000000, 0x0000000747900000, 0x0000000795580000)
  object space 123904K, 43% used [0x0000000740000000,0x000000074340a7a8,0x0000000747900000)
 Metaspace       used 15820K, capacity 15974K, committed 16256K, reserved 1062912K
  class space    used 1773K, capacity 1835K, committed 1920K, reserved 1048576K
}
Event: 2159.429 GC heap before
{Heap before GC invocations=2093 (full 68):
 PSYoungGen      total 48128K, used 47904K [0x0000000795580000, 0x00000007b2700000, 0x00000007c0000000)
  eden space 47104K, 100% used [0x0000000795580000,0x0000000798380000,0x0000000798380000)
  from space 1024K, 78% used [0x00000007b2600000,0x00000007b26c8000,0x00000007b2700000)
  to   space 1024K, 0% used [0x00000007b2500000,0x00000007b2500000,0x00000007b2600000)
 ParOldGen       total 123904K, used 53289K [0x0000000740000000, 0x0000000747900000, 0x0000000795580000)
  object space 123904K, 43% used [0x0000000740000000,0x000000074340a7a8,0x0000000747900000)
 Metaspace       used 15820K, capacity 15974K, committed 16256K, reserved 1062912K
  class space    used 1773K, capacity 1835K, committed 1920K, reserved 1048576K
Event: 2159.432 GC heap after
Heap after GC invocations=2093 (full 68):
 PSYoungGen      total 47104K, used 320K [0x0000000795580000, 0x00000007b2680000, 0x00000007c0000000)
  eden space 46592K, 0% used [0x0000000795580000,0x0000000795580000,0x0000000798300000)
  from space 512K, 62% used [0x00000007b2500000,0x00000007b2550000,0x00000007b2580000)
  to   space 1024K, 0% used [0x00000007b2580000,0x00000007b2580000,0x00000007b2680000)
 ParOldGen       total 123904K, used 53313K [0x0000000740000000, 0x0000000747900000, 0x0000000795580000)
  object space 123904K, 43% used [0x0000000740000000,0x00000007434107a8,0x0000000747900000)
 Metaspace       used 15820K, capacity 15974K, committed 16256K, reserved 1062912K
  class space    used 1773K, capacity 1835K, committed 1920K, reserved 1048576K
}

